2022-08-28 10:52:39.543 DEBUG [main] [io.netty.util.internal.logging.InternalLoggerFactory.useLog4J2LoggerFactory(InternalLoggerFactory.java:76)] - Using Log4J2 as the default logging framework
2022-08-28 10:52:39.571 DEBUG [main] [io.netty.util.ResourceLeakDetector.<clinit>(ResourceLeakDetector.java:129)] - -Dio.netty.leakDetection.level: simple
2022-08-28 10:52:39.572 DEBUG [main] [io.netty.util.ResourceLeakDetector.<clinit>(ResourceLeakDetector.java:130)] - -Dio.netty.leakDetection.targetRecords: 4
2022-08-28 10:52:39.578 DEBUG [main] [io.netty.util.ResourceLeakDetectorFactory$DefaultResourceLeakDetectorFactory.newResourceLeakDetector(ResourceLeakDetectorFactory.java:196)] - Loaded default ResourceLeakDetector: io.netty.util.ResourceLeakDetector@48cd9a2c
2022-08-28 10:52:39.607 DEBUG [main] [io.netty.util.internal.PlatformDependent0.explicitNoUnsafeCause0(PlatformDependent0.java:460)] - -Dio.netty.noUnsafe: false
2022-08-28 10:52:39.608 DEBUG [main] [io.netty.util.internal.PlatformDependent0.javaVersion0(PlatformDependent0.java:954)] - Java version: 17
2022-08-28 10:52:39.610 DEBUG [main] [io.netty.util.internal.PlatformDependent0.<clinit>(PlatformDependent0.java:135)] - sun.misc.Unsafe.theUnsafe: available
2022-08-28 10:52:39.612 DEBUG [main] [io.netty.util.internal.PlatformDependent0.<clinit>(PlatformDependent0.java:159)] - sun.misc.Unsafe.copyMemory: available
2022-08-28 10:52:39.614 DEBUG [main] [io.netty.util.internal.PlatformDependent0.<clinit>(PlatformDependent0.java:202)] - java.nio.Buffer.address: available
2022-08-28 10:52:39.615 DEBUG [main] [io.netty.util.internal.PlatformDependent0.<clinit>(PlatformDependent0.java:285)] - direct buffer constructor: unavailable: Reflective setAccessible(true) disabled
2022-08-28 10:52:39.617 DEBUG [main] [io.netty.util.internal.PlatformDependent0.<clinit>(PlatformDependent0.java:350)] - java.nio.Bits.unaligned: available, true
2022-08-28 10:52:39.619 DEBUG [main] [io.netty.util.internal.PlatformDependent0.<clinit>(PlatformDependent0.java:417)] - jdk.internal.misc.Unsafe.allocateUninitializedArray(int): unavailable: class io.netty.util.internal.PlatformDependent0$6 cannot access class jdk.internal.misc.Unsafe (in module java.base) because module java.base does not export jdk.internal.misc to unnamed module @3cef309d
2022-08-28 10:52:39.624 DEBUG [main] [io.netty.util.internal.PlatformDependent0.<clinit>(PlatformDependent0.java:446)] - java.nio.DirectByteBuffer.<init>(long, int): unavailable
2022-08-28 10:52:39.624 DEBUG [main] [io.netty.util.internal.PlatformDependent.unsafeUnavailabilityCause0(PlatformDependent.java:1116)] - sun.misc.Unsafe: available
2022-08-28 10:52:39.625 DEBUG [main] [io.netty.util.internal.PlatformDependent.estimateMaxDirectMemory(PlatformDependent.java:1227)] - maxDirectMemory: 4116709376 bytes (maybe)
2022-08-28 10:52:39.626 DEBUG [main] [io.netty.util.internal.PlatformDependent.tmpdir0(PlatformDependent.java:1246)] - -Dio.netty.tmpdir: C:\Users\M1082777\AppData\Local\Temp (java.io.tmpdir)
2022-08-28 10:52:39.626 DEBUG [main] [io.netty.util.internal.PlatformDependent.bitMode0(PlatformDependent.java:1325)] - -Dio.netty.bitMode: 64 (sun.arch.data.model)
2022-08-28 10:52:39.626 DEBUG [main] [io.netty.util.internal.PlatformDependent.isWindows0(PlatformDependent.java:1076)] - Platform: Windows
2022-08-28 10:52:39.628 DEBUG [main] [io.netty.util.internal.PlatformDependent.<clinit>(PlatformDependent.java:178)] - -Dio.netty.maxDirectMemory: -1 bytes
2022-08-28 10:52:39.628 DEBUG [main] [io.netty.util.internal.PlatformDependent.<clinit>(PlatformDependent.java:185)] - -Dio.netty.uninitializedArrayAllocationThreshold: -1
2022-08-28 10:52:39.631 DEBUG [main] [io.netty.util.internal.CleanerJava9.<clinit>(CleanerJava9.java:71)] - java.nio.ByteBuffer.cleaner(): available
2022-08-28 10:52:39.632 DEBUG [main] [io.netty.util.internal.PlatformDependent.<clinit>(PlatformDependent.java:205)] - -Dio.netty.noPreferDirect: false
2022-08-28 10:52:39.642 DEBUG [main] [io.netty.util.internal.PlatformDependent$Mpsc.<clinit>(PlatformDependent.java:967)] - org.jctools-core.MpscChunkedArrayQueue: available
2022-08-28 10:52:39.683 DEBUG [main] [io.netty.util.internal.InternalThreadLocalMap.<clinit>(InternalThreadLocalMap.java:86)] - -Dio.netty.threadLocalMap.stringBuilder.initialSize: 1024
2022-08-28 10:52:39.684 DEBUG [main] [io.netty.util.internal.InternalThreadLocalMap.<clinit>(InternalThreadLocalMap.java:89)] - -Dio.netty.threadLocalMap.stringBuilder.maxSize: 4096
2022-08-28 10:52:39.973 DEBUG [main] [io.netty.handler.ssl.JdkSslContext.<clinit>(JdkSslContext.java:97)] - Default protocols (JDK): [TLSv1.3, TLSv1.2] 
2022-08-28 10:52:39.974 DEBUG [main] [io.netty.handler.ssl.JdkSslContext.<clinit>(JdkSslContext.java:98)] - Default cipher suites (JDK): [TLS_ECDHE_ECDSA_WITH_AES_256_GCM_SHA384, TLS_ECDHE_ECDSA_WITH_AES_128_GCM_SHA256, TLS_ECDHE_RSA_WITH_AES_128_GCM_SHA256, TLS_ECDHE_RSA_WITH_AES_256_GCM_SHA384, TLS_ECDHE_RSA_WITH_AES_128_CBC_SHA, TLS_ECDHE_RSA_WITH_AES_256_CBC_SHA, TLS_RSA_WITH_AES_128_GCM_SHA256, TLS_RSA_WITH_AES_128_CBC_SHA, TLS_RSA_WITH_AES_256_CBC_SHA, TLS_AES_128_GCM_SHA256, TLS_AES_256_GCM_SHA384]
2022-08-28 10:52:40.016 DEBUG [main] [io.netty.channel.MultithreadEventLoopGroup.<clinit>(MultithreadEventLoopGroup.java:44)] - -Dio.netty.eventLoopThreads: 24
2022-08-28 10:52:40.031 DEBUG [main] [io.netty.channel.nio.NioEventLoop.<clinit>(NioEventLoop.java:109)] - -Dio.netty.noKeySetOptimization: false
2022-08-28 10:52:40.032 DEBUG [main] [io.netty.channel.nio.NioEventLoop.<clinit>(NioEventLoop.java:110)] - -Dio.netty.selectorAutoRebuildThreshold: 512
2022-08-28 10:52:40.153 DEBUG [main] [io.netty.buffer.PooledByteBufAllocator.<clinit>(PooledByteBufAllocator.java:157)] - -Dio.netty.allocator.numHeapArenas: 24
2022-08-28 10:52:40.154 DEBUG [main] [io.netty.buffer.PooledByteBufAllocator.<clinit>(PooledByteBufAllocator.java:158)] - -Dio.netty.allocator.numDirectArenas: 24
2022-08-28 10:52:40.154 DEBUG [main] [io.netty.buffer.PooledByteBufAllocator.<clinit>(PooledByteBufAllocator.java:160)] - -Dio.netty.allocator.pageSize: 8192
2022-08-28 10:52:40.154 DEBUG [main] [io.netty.buffer.PooledByteBufAllocator.<clinit>(PooledByteBufAllocator.java:165)] - -Dio.netty.allocator.maxOrder: 9
2022-08-28 10:52:40.155 DEBUG [main] [io.netty.buffer.PooledByteBufAllocator.<clinit>(PooledByteBufAllocator.java:169)] - -Dio.netty.allocator.chunkSize: 4194304
2022-08-28 10:52:40.155 DEBUG [main] [io.netty.buffer.PooledByteBufAllocator.<clinit>(PooledByteBufAllocator.java:170)] - -Dio.netty.allocator.smallCacheSize: 256
2022-08-28 10:52:40.156 DEBUG [main] [io.netty.buffer.PooledByteBufAllocator.<clinit>(PooledByteBufAllocator.java:171)] - -Dio.netty.allocator.normalCacheSize: 64
2022-08-28 10:52:40.156 DEBUG [main] [io.netty.buffer.PooledByteBufAllocator.<clinit>(PooledByteBufAllocator.java:172)] - -Dio.netty.allocator.maxCachedBufferCapacity: 32768
2022-08-28 10:52:40.156 DEBUG [main] [io.netty.buffer.PooledByteBufAllocator.<clinit>(PooledByteBufAllocator.java:173)] - -Dio.netty.allocator.cacheTrimInterval: 8192
2022-08-28 10:52:40.157 DEBUG [main] [io.netty.buffer.PooledByteBufAllocator.<clinit>(PooledByteBufAllocator.java:174)] - -Dio.netty.allocator.cacheTrimIntervalMillis: 0
2022-08-28 10:52:40.157 DEBUG [main] [io.netty.buffer.PooledByteBufAllocator.<clinit>(PooledByteBufAllocator.java:175)] - -Dio.netty.allocator.useCacheForAllThreads: false
2022-08-28 10:52:40.157 DEBUG [main] [io.netty.buffer.PooledByteBufAllocator.<clinit>(PooledByteBufAllocator.java:176)] - -Dio.netty.allocator.maxCachedByteBuffersPerChunk: 1023
2022-08-28 10:52:40.171 DEBUG [main] [io.netty.buffer.ByteBufUtil.<clinit>(ByteBufUtil.java:87)] - -Dio.netty.allocator.type: pooled
2022-08-28 10:52:40.171 DEBUG [main] [io.netty.buffer.ByteBufUtil.<clinit>(ByteBufUtil.java:96)] - -Dio.netty.threadLocalDirectBufferSize: 0
2022-08-28 10:52:40.171 DEBUG [main] [io.netty.buffer.ByteBufUtil.<clinit>(ByteBufUtil.java:99)] - -Dio.netty.maxThreadLocalCharBufferSize: 16384
2022-08-28 10:52:40.829 DEBUG [Forwarding newSession on session null to remote] [io.netty.channel.DefaultChannelId.<clinit>(DefaultChannelId.java:79)] - -Dio.netty.processId: 9116 (auto-detected)
2022-08-28 10:52:40.833 DEBUG [Forwarding newSession on session null to remote] [io.netty.util.NetUtil.<clinit>(NetUtil.java:136)] - -Djava.net.preferIPv4Stack: false
2022-08-28 10:52:40.837 DEBUG [Forwarding newSession on session null to remote] [io.netty.util.NetUtil.<clinit>(NetUtil.java:137)] - -Djava.net.preferIPv6Addresses: false
2022-08-28 10:52:40.847 DEBUG [Forwarding newSession on session null to remote] [io.netty.util.NetUtilInitializations.determineLoopback(NetUtilInitializations.java:129)] - Loopback interface: lo (Software Loopback Interface 1, 127.0.0.1)
2022-08-28 10:52:40.849 DEBUG [Forwarding newSession on session null to remote] [io.netty.util.NetUtil$SoMaxConnAction.run(NetUtil.java:191)] - Failed to get SOMAXCONN from sysctl and file \proc\sys\net\core\somaxconn. Default: 200
2022-08-28 10:52:40.882 DEBUG [Forwarding newSession on session null to remote] [io.netty.channel.DefaultChannelId.<clinit>(DefaultChannelId.java:101)] - -Dio.netty.machineId: 00:00:00:00:00:00:00:e0 (auto-detected)
2022-08-28 10:52:40.986 DEBUG [AsyncHttpClient-1-2] [io.netty.buffer.AbstractByteBuf.<clinit>(AbstractByteBuf.java:63)] - -Dio.netty.buffer.checkAccessible: true
2022-08-28 10:52:40.987 DEBUG [AsyncHttpClient-1-2] [io.netty.buffer.AbstractByteBuf.<clinit>(AbstractByteBuf.java:64)] - -Dio.netty.buffer.checkBounds: true
2022-08-28 10:52:40.988 DEBUG [AsyncHttpClient-1-2] [io.netty.util.ResourceLeakDetectorFactory$DefaultResourceLeakDetectorFactory.newResourceLeakDetector(ResourceLeakDetectorFactory.java:196)] - Loaded default ResourceLeakDetector: io.netty.util.ResourceLeakDetector@7bef68c3
2022-08-28 10:52:41.035 DEBUG [AsyncHttpClient-1-2] [io.netty.util.Recycler.<clinit>(Recycler.java:85)] - -Dio.netty.recycler.maxCapacityPerThread: 4096
2022-08-28 10:52:41.035 DEBUG [AsyncHttpClient-1-2] [io.netty.util.Recycler.<clinit>(Recycler.java:86)] - -Dio.netty.recycler.ratio: 8
2022-08-28 10:52:41.036 DEBUG [AsyncHttpClient-1-2] [io.netty.util.Recycler.<clinit>(Recycler.java:87)] - -Dio.netty.recycler.chunkSize: 32
2022-08-28 10:52:41.036 DEBUG [AsyncHttpClient-1-2] [io.netty.util.Recycler.<clinit>(Recycler.java:88)] - -Dio.netty.recycler.blocking: false
2022-08-28 10:52:41.859 DEBUG [AsyncHttpClient-1-2] [io.netty.handler.codec.compression.Brotli.<clinit>(Brotli.java:38)] - brotli4j not in the classpath; Brotli support will be unavailable.
2022-08-28 10:52:42.041 DEBUG [main] [io.netty.util.internal.ThreadLocalRandom.newSeed(ThreadLocalRandom.java:214)] - -Dio.netty.initialSeedUniquifier: 0x35eb8da952953e9b
2022-08-28 10:52:42.226 INFO [main] [StepDefinations.TC005.navigate_to(TC005.java:25)] - Driver Initialized
2022-08-28 10:52:46.897 INFO [main] [StepDefinations.TC005.navigate_to(TC005.java:27)] - Navigated to https://tide.com/en-us
2022-08-28 10:52:57.536 INFO [main] [StepDefinations.TC005.click_on_browse_by_need(TC005.java:44)] - Clicked on Browse By need
2022-08-28 10:52:58.698 INFO [main] [StepDefinations.TC005.select_the_freshness_or_scent_option(TC005.java:52)] - Clicked on Freshness/scent
2022-08-28 10:53:04.565 INFO [main] [StepDefinations.TC005.get_the_product_name(TC005.java:62)] - Clicked on first product
2022-08-28 10:53:09.600 INFO [main] [StepDefinations.TC005.get_the_product_name(TC005.java:64)] - The First Product is :Tide PODS® Plus Febreze™ 4in1 Spring and Renewal Laundry Detergent
2022-08-28 10:53:10.082 INFO [main] [StepDefinations.TC001.After(TC001.java:114)] - Driver Closed
2022-08-28 10:53:11.026 INFO [main] [StepDefinations.TC004.open(TC004.java:25)] - Driver Initialized
2022-08-28 10:53:13.095 INFO [main] [StepDefinations.TC004.open(TC004.java:27)] - Navigated to https://tide.com/en-us
2022-08-28 10:53:18.689 INFO [main] [StepDefinations.TC004.click_on_contact_us(TC004.java:41)] - Clicked on contact us
2022-08-28 10:53:29.223 INFO [main] [StepDefinations.TC004.click_on_call(TC004.java:57)] - Clicked on Call
2022-08-28 10:53:34.443 INFO [main] [StepDefinations.TC004.get_number_for_contact(TC004.java:64)] - The Number is :1-800-879-8433
2022-08-28 10:53:34.953 INFO [main] [StepDefinations.TC001.After(TC001.java:114)] - Driver Closed
2022-08-28 10:53:35.892 INFO [main] [StepDefinations.TC001.open_the_url(TC001.java:35)] - Driver Initialized
2022-08-28 10:53:38.196 INFO [main] [StepDefinations.TC001.open_the_url(TC001.java:37)] - Navigated to https://tide.com/en-us
2022-08-28 10:53:43.779 INFO [main] [StepDefinations.TC001.click_register(TC001.java:50)] - Clicked on Register
2022-08-28 10:53:44.162 INFO [main] [StepDefinations.TC001.click_on_sign_up_now(TC001.java:57)] - Clicked sign up Now
2022-08-28 10:53:45.779 INFO [main] [StepDefinations.TC001.click_on_log_in(TC001.java:70)] - Clicked on Log in
2022-08-28 10:53:47.501 INFO [main] [StepDefinations.TC001.enter_in_email(TC001.java:82)] - Email Entered is akshaypatilchaudhary@gmail.com 
2022-08-28 10:53:47.844 INFO [main] [StepDefinations.TC001.enter_in_password_section(TC001.java:93)] - Password Entered is Abcd@123
2022-08-28 10:53:48.546 INFO [main] [StepDefinations.TC001.click_on_login_button(TC001.java:100)] - Click on Login
2022-08-28 10:53:49.231 INFO [main] [StepDefinations.TC001.After(TC001.java:114)] - Driver Closed
2022-08-28 10:53:50.105 INFO [main] [StepDefinations.TC010.open_the_link(TC010.java:25)] - Driver Initialized
2022-08-28 10:53:52.985 INFO [main] [StepDefinations.TC010.open_the_link(TC010.java:27)] - Navigated to https://tide.com/en-us
2022-08-28 10:53:59.991 INFO [main] [StepDefinations.TC010.click_on_the_p_g_everyday_icon(TC010.java:39)] - Click on P&G Icon
2022-08-28 10:54:06.174 INFO [main] [StepDefinations.TC010.verify_the_page_title_is_contain(TC010.java:47)] - Icon verified
2022-08-28 10:54:06.976 INFO [main] [StepDefinations.TC001.After(TC001.java:114)] - Driver Closed
2022-08-28 10:54:07.884 INFO [main] [StepDefinations.TC002.open_the_url(TC002.java:28)] - Driver Initialized
2022-08-28 10:54:10.400 INFO [main] [StepDefinations.TC002.open_the_url(TC002.java:30)] - Navigated to https://tide.com/en-us
2022-08-28 10:54:16.906 INFO [main] [StepDefinations.TC002.search_for(TC002.java:43)] - Searched for powder
2022-08-28 10:54:22.150 INFO [main] [StepDefinations.TC002.click_on_first_product(TC002.java:52)] - Click on Products
2022-08-28 10:54:27.234 INFO [main] [StepDefinations.TC002.click_on_first_product(TC002.java:55)] - Clicked on First Product
2022-08-28 10:54:27.653 INFO [main] [StepDefinations.TC002.click_get_product_name(TC002.java:62)] - Product Name : Tide Clean Breeze Powder Laundry Detergent
2022-08-28 10:54:28.177 INFO [main] [StepDefinations.TC001.After(TC001.java:114)] - Driver Closed
2022-08-28 10:54:29.073 INFO [main] [StepDefinations.TC003.navigate_to(TC003.java:23)] - Driver Initialized
2022-08-28 10:54:31.166 INFO [main] [StepDefinations.TC003.navigate_to(TC003.java:25)] - Navigated to https://tide.com/en-us
2022-08-28 10:54:36.748 INFO [main] [StepDefinations.TC003.hover_on_shop_products_and_click_on_stain_remover(TC003.java:39)] - Hover on Shop Products
2022-08-28 10:54:37.228 INFO [main] [StepDefinations.TC003.click_on_deep_clean_and_click_on_article(TC003.java:48)] - Hover on Shop Products
2022-08-28 10:54:38.616 INFO [main] [StepDefinations.TC003.click_on_deep_clean_and_click_on_article(TC003.java:51)] - Clicked on Deep clean
2022-08-28 10:54:38.718 INFO [main] [StepDefinations.TC003.click_on_deep_clean_and_click_on_article(TC003.java:54)] - Clicked on article
2022-08-28 10:54:39.338 INFO [main] [StepDefinations.TC003.get_text_of_article(TC003.java:62)] - Article is : How to Remove Ink Stains
The pen is mightier than the sword, but it can also leave mighty stains. And, because stains can come from water-based ink or oil-based ballpoint pen ink, some are easier to remove than others. Whether you're concerned with how to remove ink from clothes like jeans, shirts, or other cottons, you’ll just need a good solvent, like rubbing alcohol, hairspray, or hand sanitizer, as well as your trusted Tide detergent for pretreating and washing. Then, start with the following steps to help tackle stubborn ink stains.
2022-08-28 10:54:39.847 INFO [main] [StepDefinations.TC001.After(TC001.java:114)] - Driver Closed
2022-08-28 10:54:40.836 INFO [main] [StepDefinations.TC008.go_to_url(TC008.java:26)] - Driver Initialized
2022-08-28 10:54:41.721 INFO [main] [StepDefinations.TC008.go_to_url(TC008.java:28)] - Navigated to https://tide.com/en-us
2022-08-28 10:54:47.309 INFO [main] [StepDefinations.TC008.hover_on_our_commitment_and_click_on_tide_cleaners(TC008.java:40)] - Clicked on Our commitments
2022-08-28 10:54:47.517 INFO [main] [StepDefinations.TC008.hover_on_our_commitment_and_click_on_tide_cleaners(TC008.java:43)] - Clicked on Tide cleaners
2022-08-28 10:54:47.892 INFO [main] [StepDefinations.TC008.click_on_price_and_location(TC008.java:50)] - Clicked on Price and Locations
2022-08-28 10:54:53.213 INFO [main] [StepDefinations.TC008.click_on_services_near_you(TC008.java:57)] - clicked on Services near you
2022-08-28 10:54:59.314 INFO [main] [StepDefinations.TC008.get_newly_open_page_title(TC008.java:67)] - Opened the page : Laundry & Dry Cleaners Near Me - Find a Location | Tide Cleaners
2022-08-28 10:55:00.089 INFO [main] [StepDefinations.TC001.After(TC001.java:114)] - Driver Closed
2022-08-28 10:55:01.174 INFO [main] [StepDefinations.TC009.navigate_to(TC009.java:24)] - Driver Initialized
2022-08-28 10:55:03.892 INFO [main] [StepDefinations.TC009.navigate_to(TC009.java:26)] - Navigated to https://tide.com/en-us
2022-08-28 10:55:09.345 INFO [main] [StepDefinations.TC009.go_to_footer(TC009.java:39)] - Navigated to footer
2022-08-28 10:55:17.527 INFO [main] [StepDefinations.TC009.click_youtube_icon_under_fun_ways_to_connect_with_us(TC009.java:47)] - Clicked on Youtube icon
2022-08-28 10:55:22.927 INFO [main] [StepDefinations.TC009.get_the_youtube_channel_name_of_tide(TC009.java:54)] - The Youtube channel name of Tide is : Tide
2022-08-28 10:55:23.516 INFO [main] [StepDefinations.TC001.After(TC001.java:114)] - Driver Closed
2022-08-28 10:55:24.423 INFO [main] [StepDefinations.TC006.navigate_to_url(TC006.java:23)] - Driver Initialized
2022-08-28 10:55:26.606 INFO [main] [StepDefinations.TC006.navigate_to_url(TC006.java:25)] - Navigated to https://tide.com/en-us
2022-08-28 10:55:32.237 INFO [main] [StepDefinations.TC006.click_on_coupons_and_reward(TC006.java:37)] - Clicked on Coupons and Rewards
2022-08-28 10:55:37.512 INFO [main] [StepDefinations.TC006.get_the_details_about_the_coupons_and_reward(TC006.java:44)] - Get deatils about the Coupons and Rewards
2022-08-28 10:55:37.900 INFO [main] [StepDefinations.TC006.click_on_save_now(TC006.java:50)] - click on save now button
2022-08-28 10:55:38.484 INFO [main] [StepDefinations.TC001.After(TC001.java:114)] - Driver Closed
2022-08-28 10:55:39.357 INFO [main] [StepDefinations.TC007.go_to_website(TC007.java:27)] - Driver Initialized
2022-08-28 10:55:41.255 INFO [main] [StepDefinations.TC007.go_to_website(TC007.java:29)] - Navigated to https://tide.com/en-us
2022-08-28 10:55:46.872 INFO [main] [StepDefinations.TC007.click_on_how_to_wash_cloths(TC007.java:41)] - clicked on How to Wash Cloths
2022-08-28 10:55:52.183 INFO [main] [StepDefinations.TC007.lern_more_under_how_to_do_laundry(TC007.java:52)] - Clicked on Learn more under Hoe to do Laundry
2022-08-28 10:55:57.550 INFO [main] [StepDefinations.TC007.get_deatils_about_how_to_do_laundry(TC007.java:60)] - The deatails about : How to Do Laundry
Sometimes life isn’t easy, and neither is your laundry.
You may feel overwhelmed when you’re faced with choosing the right detergent, or, perhaps you’re more worried about shrinking that sweater in the wash. From how to do laundry, beginning with the basics such as sorting, dosing the right amount of detergent, and decoding laundry symbols,to getting sweat stains out of clothes, let Tide help you with our laundry guide that includes 7 easy tips, whether you’re a novice or a pro.
2022-08-28 10:55:58.387 INFO [main] [StepDefinations.TC001.After(TC001.java:114)] - Driver Closed
